Flutter crash report.
Please report a bug at https://github.com/flutter/flutter/issues.

## command

flutter --no-color run --machine --track-widget-creation --device-id=emulator-5554 --start-paused --dart-define=flutter.inspector.structuredErrors=true lib\shared\main.dart

## exception

ProcessPackageException: ProcessException: The process cannot access the file because it is being used by another process.

  Command: C:\src\flutter\bin\mingit\cmd\git.EXE rev-parse --abbrev-ref HEAD

```
#0      LocalProcessManager.runSync (package:process/src/interface/local_process_manager.dart:118:7)
#1      ErrorHandlingProcessManager.runSync.<anonymous closure> (package:flutter_tools/src/base/error_handling_io.dart:712:24)
#2      _runSync (package:flutter_tools/src/base/error_handling_io.dart:597:14)
#3      ErrorHandlingProcessManager.runSync (package:flutter_tools/src/base/error_handling_io.dart:711:12)
#4      _DefaultProcessUtils.runSync (package:flutter_tools/src/base/process.dart:373:51)
#5      _runGit (package:flutter_tools/src/version.dart:650:23)
#6      FlutterVersion.getBranchName.<anonymous closure> (package:flutter_tools/src/version.dart:329:29)
#7      FlutterVersion.getBranchName (package:flutter_tools/src/version.dart:331:6)
#8      FlutterVersion.getVersionString (package:flutter_tools/src/version.dart:318:17)
#9      _DefaultUsage.initialize (package:flutter_tools/src/reporting/usage.dart:143:62)
#10     new Usage (package:flutter_tools/src/reporting/usage.dart:21:21)
#11     runInContext.<anonymous closure> (package:flutter_tools/src/context_runner.dart:325:20)
#12     AppContext._generateIfNecessary.<anonymous closure> (package:flutter_tools/src/base/context.dart:104:42)
#13     _LinkedHashMapMixin.putIfAbsent (dart:collection-patch/compact_hash.dart:524:23)
#14     AppContext._generateIfNecessary (package:flutter_tools/src/base/context.dart:92:20)
#15     AppContext.get (package:flutter_tools/src/base/context.dart:121:32)
#16     AppContext.get (package:flutter_tools/src/base/context.dart:119:24)
#17     flutterUsage (package:flutter_tools/src/globals.dart:70:35)
#18     runInContext.<anonymous closure> (package:flutter_tools/src/context_runner.dart:375:24)
#19     AppContext._generateIfNecessary.<anonymous closure> (package:flutter_tools/src/base/context.dart:104:42)
#20     _LinkedHashMapMixin.putIfAbsent (dart:collection-patch/compact_hash.dart:524:23)
#21     AppContext._generateIfNecessary (package:flutter_tools/src/base/context.dart:92:20)
#22     AppContext.get (package:flutter_tools/src/base/context.dart:121:32)
#23     AppContext.get (package:flutter_tools/src/base/context.dart:119:24)
#24     xcodeProjectInterpreter (package:flutter_tools/src/globals.dart:71:65)
#25     runInContext.<anonymous closure> (package:flutter_tools/src/context_runner.dart:352:42)
#26     AppContext._generateIfNecessary.<anonymous closure> (package:flutter_tools/src/base/context.dart:104:42)
#27     _LinkedHashMapMixin.putIfAbsent (dart:collection-patch/compact_hash.dart:524:23)
#28     AppContext._generateIfNecessary (package:flutter_tools/src/base/context.dart:92:20)
#29     AppContext.get (package:flutter_tools/src/base/context.dart:121:32)
#30     AppContext.get (package:flutter_tools/src/base/context.dart:119:24)
#31     xcode (package:flutter_tools/src/globals.dart:73:29)
#32     runInContext.<anonymous closure> (package:flutter_tools/src/context_runner.dart:256:24)
#33     AppContext._generateIfNecessary.<anonymous closure> (package:flutter_tools/src/base/context.dart:104:42)
#34     _LinkedHashMapMixin.putIfAbsent (dart:collection-patch/compact_hash.dart:524:23)
#35     AppContext._generateIfNecessary (package:flutter_tools/src/base/context.dart:92:20)
#36     AppContext.get (package:flutter_tools/src/base/context.dart:121:32)
#37     AppContext.get (package:flutter_tools/src/base/context.dart:119:24)
#38     iosSimulatorUtils (package:flutter_tools/src/globals.dart:61:53)
#39     runInContext.<anonymous closure> (package:flutter_tools/src/context_runner.dart:191:36)
#40     AppContext._generateIfNecessary.<anonymous closure> (package:flutter_tools/src/base/context.dart:104:42)
#41     _LinkedHashMapMixin.putIfAbsent (dart:collection-patch/compact_hash.dart:524:23)
#42     AppContext._generateIfNecessary (package:flutter_tools/src/base/context.dart:92:20)
#43     AppContext.get (package:flutter_tools/src/base/context.dart:121:32)
#44     AppContext.get (package:flutter_tools/src/base/context.dart:119:24)
#45     deviceManager (package:flutter_tools/src/globals.dart:58:45)
#46     FlutterCommandRunner.runCommand.<anonymous closure> (package:flutter_tools/src/runner/flutter_command_runner.dart:259:17)
<asynchronous suspension>
#47     AppContext.run.<anonymous closure> (package:flutter_tools/src/base/context.dart:150:19)
<asynchronous suspension>
#48     FlutterCommandRunner.runCommand (package:flutter_tools/src/runner/flutter_command_runner.dart:229:5)
<asynchronous suspension>
#49     run.<anonymous closure>.<anonymous closure> (package:flutter_tools/runner.dart:62:9)
<asynchronous suspension>
#50     AppContext.run.<anonymous closure> (package:flutter_tools/src/base/context.dart:150:19)
<asynchronous suspension>
#51     main (package:flutter_tools/executable.dart:94:3)
<asynchronous suspension>
```

## flutter doctor

```
[✓] Flutter (Channel stable, 3.0.0, on Microsoft Windows [Version 10.0.17763.1369], locale en-US)
    • Flutter version 3.0.0 at C:\src\flutter
    • Upstream repository https://github.com/flutter/flutter.git
    • Framework revision ee4e09cce0 (6 months ago), 2022-05-09 16:45:18 -0700
    • Engine revision d1b9a6938a
    • Dart version 2.17.0
    • DevTools version 2.12.2

[!] Android toolchain - develop for Android devices (Android SDK version 33.0.0)
    • Android SDK at C:\Users\LENOVO\AppData\Local\Android\sdk
    • Platform android-33, build-tools 33.0.0
    • Java binary at: C:\Program Files\Android\Android Studio\jre\bin\java
    • Java version OpenJDK Runtime Environment (build 11.0.12+7-b1504.28-7817840)
    ! Some Android licenses not accepted.  To resolve this, run: flutter doctor --android-licenses

[✓] Chrome - develop for the web
    • Chrome at C:\Program Files (x86)\Google\Chrome\Application\chrome.exe

[✗] Visual Studio - develop for Windows
    ✗ Visual Studio not installed; this is necessary for Windows development.
      Download at https://visualstudio.microsoft.com/downloads/.
      Please install the "Desktop development with C++" workload, including all of its default components

[✓] Android Studio (version 2021.2)
    • Android Studio at C:\Program Files\Android\Android Studio
    • Flutter plugin can be installed from:
      🔨 https://plugins.jetbrains.com/plugin/9212-flutter
    • Dart plugin can be installed from:
      🔨 https://plugins.jetbrains.com/plugin/6351-dart
    • Java version OpenJDK Runtime Environment (build 11.0.12+7-b1504.28-7817840)

[✓] IntelliJ IDEA Community Edition (version 2020.1)
    • IntelliJ at C:\Program Files\JetBrains\IntelliJ IDEA Community Edition 2020.1.1
    • Flutter plugin can be installed from:
      🔨 https://plugins.jetbrains.com/plugin/9212-flutter
    • Dart plugin can be installed from:
      🔨 https://plugins.jetbrains.com/plugin/6351-dart

[✓] VS Code (version 1.72.2)
    • VS Code at C:\Users\LENOVO\AppData\Local\Programs\Microsoft VS Code
    • Flutter extension can be installed from:
      🔨 https://marketplace.visualstudio.com/items?itemName=Dart-Code.flutter

[✓] Connected device (3 available)
    • Android SDK built for x86 (mobile) • emulator-5554 • android-x86    • Android 11 (API 30) (emulator)
    • Windows (desktop)                  • windows       • windows-x64    • Microsoft Windows [Version 10.0.17763.1369]
    • Chrome (web)                       • chrome        • web-javascript • Google Chrome 107.0.5304.88

[✓] HTTP Host Availability
    • All required HTTP hosts are available

! Doctor found issues in 2 categories.
```
